[2025-05-01 02:02:19,737] 20 root - INFO - \U0001f680 Starting Eye Disease Detection Pipeline Execution
[2025-05-01 02:02:19,737] 28 root - INFO - \U0001f4e5 Initiating Data Ingestion
[2025-05-01 02:03:25,960] 32 root - INFO - Copied input data to feature store at Artifacts\05_01_2025_02_02_17\data_ingestion\feature_store
[2025-05-01 02:04:42,270] 67 root - INFO - Train and Test split completed.
[2025-05-01 02:04:42,272] 81 root - INFO - Data Ingestion process completed.
[2025-05-01 02:04:42,272] 34 root - INFO - \u2705 Initiating Data Validation
[2025-05-01 02:04:42,273] 81 root - INFO - Starting Data Validation Process...
[2025-05-01 02:04:42,280] 75 root - INFO - Drift report saved at Artifacts\05_01_2025_02_02_17\data_validation\drift_report\report.yaml
[2025-05-01 02:04:42,281] 40 root - INFO - \U0001f501 Initiating Data Transformation
[2025-05-01 02:04:42,281] 52 root - INFO - Entered initiate_data_transformation method
[2025-05-01 02:04:42,281] 54 root - INFO - \U0001f501 Starting Data Transformation
[2025-05-01 02:04:42,281] 74 root - INFO - \U0001f5bc\ufe0f Transforming and saving training images...
[2025-05-01 02:06:00,411] 77 root - INFO - \U0001f5bc\ufe0f Transforming and saving validation images...
[2025-05-01 02:11:16,984] 87 root - INFO - \u2705 Data Transformation completed successfully.
[2025-05-01 02:11:16,985] 46 root - INFO - \U0001f9e0 Initiating Model Training
[2025-05-01 02:11:23,234] 868 urllib3.connectionpool - WARNING - Retrying (Retry(total=6, connect=6, read=7, redirect=7, status=7)) after connection broken by 'NewConnectionError('<urllib3.connection.HTTPConnection object at 0x000001DDF6BD3D00>: Failed to establish a new connection: [WinError 10061] No connection could be made because the target machine actively refused it')': /api/2.0/mlflow/experiments/get-by-name?experiment_name=EyeDiseaseDetection
[2025-05-01 02:11:31,644] 868 urllib3.connectionpool - WARNING - Retrying (Retry(total=5, connect=5, read=7, redirect=7, status=7)) after connection broken by 'NewConnectionError('<urllib3.connection.HTTPConnection object at 0x000001DDF6AC6A40>: Failed to establish a new connection: [WinError 10061] No connection could be made because the target machine actively refused it')': /api/2.0/mlflow/experiments/get-by-name?experiment_name=EyeDiseaseDetection
[2025-05-01 02:11:44,271] 868 urllib3.connectionpool - WARNING - Retrying (Retry(total=4, connect=4, read=7, redirect=7, status=7)) after connection broken by 'NewConnectionError('<urllib3.connection.HTTPConnection object at 0x000001DDF6AC4F70>: Failed to establish a new connection: [WinError 10061] No connection could be made because the target machine actively refused it')': /api/2.0/mlflow/experiments/get-by-name?experiment_name=EyeDiseaseDetection
[2025-05-01 02:12:04,918] 868 urllib3.connectionpool - WARNING - Retrying (Retry(total=3, connect=3, read=7, redirect=7, status=7)) after connection broken by 'NewConnectionError('<urllib3.connection.HTTPConnection object at 0x000001DDF6AC7550>: Failed to establish a new connection: [WinError 10061] No connection could be made because the target machine actively refused it')': /api/2.0/mlflow/experiments/get-by-name?experiment_name=EyeDiseaseDetection
[2025-05-01 02:12:41,269] 868 urllib3.connectionpool - WARNING - Retrying (Retry(total=2, connect=2, read=7, redirect=7, status=7)) after connection broken by 'NewConnectionError('<urllib3.connection.HTTPConnection object at 0x000001DDF6AC62F0>: Failed to establish a new connection: [WinError 10061] No connection could be made because the target machine actively refused it')': /api/2.0/mlflow/experiments/get-by-name?experiment_name=EyeDiseaseDetection
[2025-05-01 02:13:50,095] 868 urllib3.connectionpool - WARNING - Retrying (Retry(total=1, connect=1, read=7, redirect=7, status=7)) after connection broken by 'NewConnectionError('<urllib3.connection.HTTPConnection object at 0x000001DDF6AC6170>: Failed to establish a new connection: [WinError 10061] No connection could be made because the target machine actively refused it')': /api/2.0/mlflow/experiments/get-by-name?experiment_name=EyeDiseaseDetection
